Analysis & Synthesis report for ALU
Sun Mar 19 21:36:09 2023
Quartus Prime Version 22.1std.0 Build 915 10/25/2022 SC Lite Edition


---------------------
; Table of Contents ;
---------------------
  1. Legal Notice
  2. Analysis & Synthesis Summary
  3. Analysis & Synthesis Settings
  4. Parallel Compilation
  5. Analysis & Synthesis Source Files Read
  6. Analysis & Synthesis Resource Usage Summary
  7. Analysis & Synthesis Resource Utilization by Entity
  8. General Register Statistics
  9. Multiplexer Restructuring Statistics (Restructuring Performed)
 10. Parameter Settings for User Entity Instance: Top-level Entity: |RegistroALU
 11. Parameter Settings for User Entity Instance: RegistroCargaIn:registroIn
 12. Parameter Settings for User Entity Instance: alu:alu_m
 13. Parameter Settings for User Entity Instance: alu:alu_m|SUMA_op:g1
 14. Parameter Settings for User Entity Instance: alu:alu_m|RESTA_op:g2
 15. Parameter Settings for User Entity Instance: alu:alu_m|RESTA_op:g2|complement2:comp2
 16. Parameter Settings for User Entity Instance: alu:alu_m|AND_op:g3
 17. Parameter Settings for User Entity Instance: alu:alu_m|OR_op:g4
 18. Parameter Settings for User Entity Instance: alu:alu_m|NOT_op:g5
 19. Parameter Settings for User Entity Instance: alu:alu_m|NOT_op:g6
 20. Parameter Settings for User Entity Instance: alu:alu_m|XOR_op:g7
 21. Parameter Settings for User Entity Instance: alu:alu_m|AShiftLeft:g8
 22. Parameter Settings for User Entity Instance: alu:alu_m|AShiftRight:g9
 23. Parameter Settings for User Entity Instance: alu:alu_m|LShiftLeft:g10
 24. Parameter Settings for User Entity Instance: alu:alu_m|LShiftRight:g11
 25. Parameter Settings for User Entity Instance: alu:alu_m|mux4:g12
 26. Parameter Settings for User Entity Instance: alu:alu_m|flags:g13
 27. Parameter Settings for User Entity Instance: alu:alu_m|sieteSeg:g14
 28. Parameter Settings for User Entity Instance: RegistroCargaOut:registroOut
 29. Port Connectivity Checks: "alu:alu_m|RESTA_op:g2|complement2:comp2"
 30. Post-Synthesis Netlist Statistics for Top Partition
 31. Elapsed Time Per Partition
 32. Analysis & Synthesis Messages
 33. Analysis & Synthesis Suppressed Messages



----------------
; Legal Notice ;
----------------
Copyright (C) 2022  Intel Corporation. All rights reserved.
Your use of Intel Corporation's design tools, logic functions 
and other software and tools, and any partner logic 
functions, and any output files from any of the foregoing 
(including device programming or simulation files), and any 
associated documentation or information are expressly subject 
to the terms and conditions of the Intel Program License 
Subscription Agreement, the Intel Quartus Prime License Agreement,
the Intel FPGA IP License Agreement, or other applicable license
agreement, including, without limitation, that your use is for
the sole purpose of programming logic devices manufactured by
Intel and sold by Intel or its authorized distributors.  Please
refer to the applicable agreement for further details, at
https://fpgasoftware.intel.com/eula.



+----------------------------------------------------------------------------------+
; Analysis & Synthesis Summary                                                     ;
+---------------------------------+------------------------------------------------+
; Analysis & Synthesis Status     ; Successful - Sun Mar 19 21:36:09 2023          ;
; Quartus Prime Version           ; 22.1std.0 Build 915 10/25/2022 SC Lite Edition ;
; Revision Name                   ; ALU                                            ;
; Top-level Entity Name           ; RegistroALU                                    ;
; Family                          ; Cyclone V                                      ;
; Logic utilization (in ALMs)     ; N/A                                            ;
; Total registers                 ; 47                                             ;
; Total pins                      ; 49                                             ;
; Total virtual pins              ; 0                                              ;
; Total block memory bits         ; 0                                              ;
; Total DSP Blocks                ; 0                                              ;
; Total HSSI RX PCSs              ; 0                                              ;
; Total HSSI PMA RX Deserializers ; 0                                              ;
; Total HSSI TX PCSs              ; 0                                              ;
; Total HSSI PMA TX Serializers   ; 0                                              ;
; Total PLLs                      ; 0                                              ;
; Total DLLs                      ; 0                                              ;
+---------------------------------+------------------------------------------------+


+---------------------------------------------------------------------------------------------------------------------------+
; Analysis & Synthesis Settings                                                                                             ;
+---------------------------------------------------------------------------------+--------------------+--------------------+
; Option                                                                          ; Setting            ; Default Value      ;
+---------------------------------------------------------------------------------+--------------------+--------------------+
; Device                                                                          ; 5CSEMA5F31C6       ;                    ;
; Top-level entity name                                                           ; RegistroALU        ; ALU                ;
; Family name                                                                     ; Cyclone V          ; Cyclone V          ;
; Verilog Show LMF Mapping Messages                                               ; Off                ;                    ;
; Use smart compilation                                                           ; Off                ; Off                ;
; Enable parallel Assembler and Timing Analyzer during compilation                ; On                 ; On                 ;
; Enable compact report table                                                     ; Off                ; Off                ;
; Restructure Multiplexers                                                        ; Auto               ; Auto               ;
; MLAB Add Timing Constraints For Mixed-Port Feed-Through Mode Setting Don't Care ; Off                ; Off                ;
; Create Debugging Nodes for IP Cores                                             ; Off                ; Off                ;
; Preserve fewer node names                                                       ; On                 ; On                 ;
; Intel FPGA IP Evaluation Mode                                                   ; Enable             ; Enable             ;
; Verilog Version                                                                 ; Verilog_2001       ; Verilog_2001       ;
; VHDL Version                                                                    ; VHDL_1993          ; VHDL_1993          ;
; State Machine Processing                                                        ; Auto               ; Auto               ;
; Safe State Machine                                                              ; Off                ; Off                ;
; Extract Verilog State Machines                                                  ; On                 ; On                 ;
; Extract VHDL State Machines                                                     ; On                 ; On                 ;
; Ignore Verilog initial constructs                                               ; Off                ; Off                ;
; Iteration limit for constant Verilog loops                                      ; 5000               ; 5000               ;
; Iteration limit for non-constant Verilog loops                                  ; 250                ; 250                ;
; Add Pass-Through Logic to Inferred RAMs                                         ; On                 ; On                 ;
; Infer RAMs from Raw Logic                                                       ; On                 ; On                 ;
; Parallel Synthesis                                                              ; On                 ; On                 ;
; DSP Block Balancing                                                             ; Auto               ; Auto               ;
; NOT Gate Push-Back                                                              ; On                 ; On                 ;
; Power-Up Don't Care                                                             ; On                 ; On                 ;
; Remove Redundant Logic Cells                                                    ; Off                ; Off                ;
; Remove Duplicate Registers                                                      ; On                 ; On                 ;
; Ignore CARRY Buffers                                                            ; Off                ; Off                ;
; Ignore CASCADE Buffers                                                          ; Off                ; Off                ;
; Ignore GLOBAL Buffers                                                           ; Off                ; Off                ;
; Ignore ROW GLOBAL Buffers                                                       ; Off                ; Off                ;
; Ignore LCELL Buffers                                                            ; Off                ; Off                ;
; Ignore SOFT Buffers                                                             ; On                 ; On                 ;
; Limit AHDL Integers to 32 Bits                                                  ; Off                ; Off                ;
; Optimization Technique                                                          ; Balanced           ; Balanced           ;
; Carry Chain Length                                                              ; 70                 ; 70                 ;
; Auto Carry Chains                                                               ; On                 ; On                 ;
; Auto Open-Drain Pins                                                            ; On                 ; On                 ;
; Perform WYSIWYG Primitive Resynthesis                                           ; Off                ; Off                ;
; Auto ROM Replacement                                                            ; On                 ; On                 ;
; Auto RAM Replacement                                                            ; On                 ; On                 ;
; Auto DSP Block Replacement                                                      ; On                 ; On                 ;
; Auto Shift Register Replacement                                                 ; Auto               ; Auto               ;
; Allow Shift Register Merging across Hierarchies                                 ; Auto               ; Auto               ;
; Auto Clock Enable Replacement                                                   ; On                 ; On                 ;
; Strict RAM Replacement                                                          ; Off                ; Off                ;
; Allow Synchronous Control Signals                                               ; On                 ; On                 ;
; Force Use of Synchronous Clear Signals                                          ; Off                ; Off                ;
; Auto Resource Sharing                                                           ; Off                ; Off                ;
; Allow Any RAM Size For Recognition                                              ; Off                ; Off                ;
; Allow Any ROM Size For Recognition                                              ; Off                ; Off                ;
; Allow Any Shift Register Size For Recognition                                   ; Off                ; Off                ;
; Use LogicLock Constraints during Resource Balancing                             ; On                 ; On                 ;
; Ignore translate_off and synthesis_off directives                               ; Off                ; Off                ;
; Timing-Driven Synthesis                                                         ; On                 ; On                 ;
; Report Parameter Settings                                                       ; On                 ; On                 ;
; Report Source Assignments                                                       ; On                 ; On                 ;
; Report Connectivity Checks                                                      ; On                 ; On                 ;
; Ignore Maximum Fan-Out Assignments                                              ; Off                ; Off                ;
; Synchronization Register Chain Length                                           ; 3                  ; 3                  ;
; Power Optimization During Synthesis                                             ; Normal compilation ; Normal compilation ;
; HDL message level                                                               ; Level2             ; Level2             ;
; Suppress Register Optimization Related Messages                                 ; Off                ; Off                ;
; Number of Removed Registers Reported in Synthesis Report                        ; 5000               ; 5000               ;
; Number of Swept Nodes Reported in Synthesis Report                              ; 5000               ; 5000               ;
; Number of Inverted Registers Reported in Synthesis Report                       ; 100                ; 100                ;
; Clock MUX Protection                                                            ; On                 ; On                 ;
; Auto Gated Clock Conversion                                                     ; Off                ; Off                ;
; Block Design Naming                                                             ; Auto               ; Auto               ;
; SDC constraint protection                                                       ; Off                ; Off                ;
; Synthesis Effort                                                                ; Auto               ; Auto               ;
; Shift Register Replacement - Allow Asynchronous Clear Signal                    ; On                 ; On                 ;
; Pre-Mapping Resynthesis Optimization                                            ; Off                ; Off                ;
; Analysis & Synthesis Message Level                                              ; Medium             ; Medium             ;
; Disable Register Merging Across Hierarchies                                     ; Auto               ; Auto               ;
; Resource Aware Inference For Block RAM                                          ; On                 ; On                 ;
; Automatic Parallel Synthesis                                                    ; On                 ; On                 ;
; Partial Reconfiguration Bitstream ID                                            ; Off                ; Off                ;
+---------------------------------------------------------------------------------+--------------------+--------------------+


+------------------------------------------+
; Parallel Compilation                     ;
+----------------------------+-------------+
; Processors                 ; Number      ;
+----------------------------+-------------+
; Number detected on machine ; 8           ;
; Maximum allowed            ; 4           ;
;                            ;             ;
; Average used               ; 1.00        ;
; Maximum used               ; 4           ;
;                            ;             ;
; Usage by Processor         ; % Time Used ;
;     Processor 1            ; 100.0%      ;
;     Processors 2-4         ;   0.0%      ;
+----------------------------+-------------+


+-----------------------------------------------------------------------------------------------------------------------------------------------------------------------------------------------------------------------------+
; Analysis & Synthesis Source Files Read                                                                                                                                                                                      ;
+----------------------------------+-----------------+------------------------------+-------------------------------------------------------------------------------------------------------------------------------+---------+
; File Name with User-Entered Path ; Used in Netlist ; File Type                    ; File Name with Absolute Path                                                                                                  ; Library ;
+----------------------------------+-----------------+------------------------------+-------------------------------------------------------------------------------------------------------------------------------+---------+
; ALU_Aux.sv                       ; yes             ; User SystemVerilog HDL File  ; C:/intelFPGA_lite/emadrigal_acambronero_hespinoza_digital_design_lab_2023-experimento1-Lab3/Experimento 1/ALU_Aux.sv          ;         ;
; Mux.sv                           ; yes             ; User SystemVerilog HDL File  ; C:/intelFPGA_lite/emadrigal_acambronero_hespinoza_digital_design_lab_2023-experimento1-Lab3/Experimento 1/Mux.sv              ;         ;
; flags.sv                         ; yes             ; User SystemVerilog HDL File  ; C:/intelFPGA_lite/emadrigal_acambronero_hespinoza_digital_design_lab_2023-experimento1-Lab3/Experimento 1/flags.sv            ;         ;
; display7segments.sv              ; yes             ; User SystemVerilog HDL File  ; C:/intelFPGA_lite/emadrigal_acambronero_hespinoza_digital_design_lab_2023-experimento1-Lab3/Experimento 1/display7segments.sv ;         ;
; Suma.sv                          ; yes             ; User SystemVerilog HDL File  ; C:/intelFPGA_lite/emadrigal_acambronero_hespinoza_digital_design_lab_2023-experimento1-Lab3/Experimento 1/Suma.sv             ;         ;
; Comp2.sv                         ; yes             ; User SystemVerilog HDL File  ; C:/intelFPGA_lite/emadrigal_acambronero_hespinoza_digital_design_lab_2023-experimento1-Lab3/Experimento 1/Comp2.sv            ;         ;
; Resta.sv                         ; yes             ; User SystemVerilog HDL File  ; C:/intelFPGA_lite/emadrigal_acambronero_hespinoza_digital_design_lab_2023-experimento1-Lab3/Experimento 1/Resta.sv            ;         ;
; CompuertaAND.sv                  ; yes             ; User SystemVerilog HDL File  ; C:/intelFPGA_lite/emadrigal_acambronero_hespinoza_digital_design_lab_2023-experimento1-Lab3/Experimento 1/CompuertaAND.sv     ;         ;
; CompuertaOR.sv                   ; yes             ; User SystemVerilog HDL File  ; C:/intelFPGA_lite/emadrigal_acambronero_hespinoza_digital_design_lab_2023-experimento1-Lab3/Experimento 1/CompuertaOR.sv      ;         ;
; CompuertaNOT.sv                  ; yes             ; User SystemVerilog HDL File  ; C:/intelFPGA_lite/emadrigal_acambronero_hespinoza_digital_design_lab_2023-experimento1-Lab3/Experimento 1/CompuertaNOT.sv     ;         ;
; CompuertaXOR.sv                  ; yes             ; User SystemVerilog HDL File  ; C:/intelFPGA_lite/emadrigal_acambronero_hespinoza_digital_design_lab_2023-experimento1-Lab3/Experimento 1/CompuertaXOR.sv     ;         ;
; AShiftLeft.sv                    ; yes             ; User SystemVerilog HDL File  ; C:/intelFPGA_lite/emadrigal_acambronero_hespinoza_digital_design_lab_2023-experimento1-Lab3/Experimento 1/AShiftLeft.sv       ;         ;
; AShiftRight.sv                   ; yes             ; User SystemVerilog HDL File  ; C:/intelFPGA_lite/emadrigal_acambronero_hespinoza_digital_design_lab_2023-experimento1-Lab3/Experimento 1/AShiftRight.sv      ;         ;
; LShiftLeft.sv                    ; yes             ; User SystemVerilog HDL File  ; C:/intelFPGA_lite/emadrigal_acambronero_hespinoza_digital_design_lab_2023-experimento1-Lab3/Experimento 1/LShiftLeft.sv       ;         ;
; LShiftRight.sv                   ; yes             ; User SystemVerilog HDL File  ; C:/intelFPGA_lite/emadrigal_acambronero_hespinoza_digital_design_lab_2023-experimento1-Lab3/Experimento 1/LShiftRight.sv      ;         ;
; RegistroALU.sv                   ; yes             ; User SystemVerilog HDL File  ; C:/intelFPGA_lite/emadrigal_acambronero_hespinoza_digital_design_lab_2023-experimento1-Lab3/Experimento 1/RegistroALU.sv      ;         ;
; RegistroCargaIn.sv               ; yes             ; User SystemVerilog HDL File  ; C:/intelFPGA_lite/emadrigal_acambronero_hespinoza_digital_design_lab_2023-experimento1-Lab3/Experimento 1/RegistroCargaIn.sv  ;         ;
; RegistroCargaOut.sv              ; yes             ; User SystemVerilog HDL File  ; C:/intelFPGA_lite/emadrigal_acambronero_hespinoza_digital_design_lab_2023-experimento1-Lab3/Experimento 1/RegistroCargaOut.sv ;         ;
+----------------------------------+-----------------+------------------------------+-------------------------------------------------------------------------------------------------------------------------------+---------+


+---------------------------------------------------------+
; Analysis & Synthesis Resource Usage Summary             ;
+---------------------------------------------+-----------+
; Resource                                    ; Usage     ;
+---------------------------------------------+-----------+
; Estimate of Logic utilization (ALMs needed) ; 174       ;
;                                             ;           ;
; Combinational ALUT usage for logic          ; 260       ;
;     -- 7 input functions                    ; 11        ;
;     -- 6 input functions                    ; 73        ;
;     -- 5 input functions                    ; 65        ;
;     -- 4 input functions                    ; 56        ;
;     -- <=3 input functions                  ; 55        ;
;                                             ;           ;
; Dedicated logic registers                   ; 47        ;
;                                             ;           ;
; I/O pins                                    ; 49        ;
;                                             ;           ;
; Total DSP Blocks                            ; 0         ;
;                                             ;           ;
; Maximum fan-out node                        ; clk~input ;
; Maximum fan-out                             ; 47        ;
; Total fan-out                               ; 1396      ;
; Average fan-out                             ; 3.45      ;
+---------------------------------------------+-----------+


+--------------------------------------------------------------------------------------------------------------------------------------------------------------------------------------------------------------------------+
; Analysis & Synthesis Resource Utilization by Entity                                                                                                                                                                      ;
+-----------------------------------+---------------------+---------------------------+-------------------+------------+------+--------------+-------------------------------------------+------------------+--------------+
; Compilation Hierarchy Node        ; Combinational ALUTs ; Dedicated Logic Registers ; Block Memory Bits ; DSP Blocks ; Pins ; Virtual Pins ; Full Hierarchy Name                       ; Entity Name      ; Library Name ;
+-----------------------------------+---------------------+---------------------------+-------------------+------------+------+--------------+-------------------------------------------+------------------+--------------+
; |RegistroALU                      ; 260 (0)             ; 47 (0)                    ; 0                 ; 0          ; 49   ; 0            ; |RegistroALU                              ; RegistroALU      ; work         ;
;    |RegistroCargaIn:registroIn|   ; 0 (0)               ; 36 (36)                   ; 0                 ; 0          ; 0    ; 0            ; |RegistroALU|RegistroCargaIn:registroIn   ; RegistroCargaIn  ; work         ;
;    |RegistroCargaOut:registroOut| ; 0 (0)               ; 11 (11)                   ; 0                 ; 0          ; 0    ; 0            ; |RegistroALU|RegistroCargaOut:registroOut ; RegistroCargaOut ; work         ;
;    |alu:alu_m|                    ; 260 (0)             ; 0 (0)                     ; 0                 ; 0          ; 0    ; 0            ; |RegistroALU|alu:alu_m                    ; alu              ; work         ;
;       |AND_op:g3|                 ; 9 (9)               ; 0 (0)                     ; 0                 ; 0          ; 0    ; 0            ; |RegistroALU|alu:alu_m|AND_op:g3          ; AND_op           ; work         ;
;       |LShiftLeft:g10|            ; 35 (35)             ; 0 (0)                     ; 0                 ; 0          ; 0    ; 0            ; |RegistroALU|alu:alu_m|LShiftLeft:g10     ; LShiftLeft       ; work         ;
;       |LShiftRight:g11|           ; 28 (28)             ; 0 (0)                     ; 0                 ; 0          ; 0    ; 0            ; |RegistroALU|alu:alu_m|LShiftRight:g11    ; LShiftRight      ; work         ;
;       |NOT_op:g5|                 ; 4 (4)               ; 0 (0)                     ; 0                 ; 0          ; 0    ; 0            ; |RegistroALU|alu:alu_m|NOT_op:g5          ; NOT_op           ; work         ;
;       |NOT_op:g6|                 ; 4 (4)               ; 0 (0)                     ; 0                 ; 0          ; 0    ; 0            ; |RegistroALU|alu:alu_m|NOT_op:g6          ; NOT_op           ; work         ;
;       |OR_op:g4|                  ; 9 (9)               ; 0 (0)                     ; 0                 ; 0          ; 0    ; 0            ; |RegistroALU|alu:alu_m|OR_op:g4           ; OR_op            ; work         ;
;       |RESTA_op:g2|               ; 65 (65)             ; 0 (0)                     ; 0                 ; 0          ; 0    ; 0            ; |RegistroALU|alu:alu_m|RESTA_op:g2        ; RESTA_op         ; work         ;
;       |SUMA_op:g1|                ; 21 (21)             ; 0 (0)                     ; 0                 ; 0          ; 0    ; 0            ; |RegistroALU|alu:alu_m|SUMA_op:g1         ; SUMA_op          ; work         ;
;       |XOR_op:g7|                 ; 2 (2)               ; 0 (0)                     ; 0                 ; 0          ; 0    ; 0            ; |RegistroALU|alu:alu_m|XOR_op:g7          ; XOR_op           ; work         ;
;       |flags:g13|                 ; 12 (12)             ; 0 (0)                     ; 0                 ; 0          ; 0    ; 0            ; |RegistroALU|alu:alu_m|flags:g13          ; flags            ; work         ;
;       |mux4:g12|                  ; 53 (53)             ; 0 (0)                     ; 0                 ; 0          ; 0    ; 0            ; |RegistroALU|alu:alu_m|mux4:g12           ; mux4             ; work         ;
;       |sieteSeg:g14|              ; 18 (18)             ; 0 (0)                     ; 0                 ; 0          ; 0    ; 0            ; |RegistroALU|alu:alu_m|sieteSeg:g14       ; sieteSeg         ; work         ;
+-----------------------------------+---------------------+---------------------------+-------------------+------------+------+--------------+-------------------------------------------+------------------+--------------+
Note: For table entries with two numbers listed, the numbers in parentheses indicate the number of resources of the given type used by the specific entity alone. The numbers listed outside of parentheses indicate the total resources of the given type used by the specific entity and all of its sub-entities in the hierarchy.


+------------------------------------------------------+
; General Register Statistics                          ;
+----------------------------------------------+-------+
; Statistic                                    ; Value ;
+----------------------------------------------+-------+
; Total registers                              ; 47    ;
; Number of registers using Synchronous Clear  ; 0     ;
; Number of registers using Synchronous Load   ; 0     ;
; Number of registers using Asynchronous Clear ; 47    ;
; Number of registers using Asynchronous Load  ; 0     ;
; Number of registers using Clock Enable       ; 0     ;
; Number of registers using Preset             ; 0     ;
+----------------------------------------------+-------+


+------------------------------------------------------------------------------------------------------------------------------------------------------------------+
; Multiplexer Restructuring Statistics (Restructuring Performed)                                                                                                   ;
+--------------------+-----------+---------------+----------------------+------------------------+------------+----------------------------------------------------+
; Multiplexer Inputs ; Bus Width ; Baseline Area ; Area if Restructured ; Saving if Restructured ; Registered ; Example Multiplexer Output                         ;
+--------------------+-----------+---------------+----------------------+------------------------+------------+----------------------------------------------------+
; 4:1                ; 2 bits    ; 4 LEs         ; 4 LEs                ; 0 LEs                  ; No         ; |RegistroALU|alu:alu_m|LShiftRight:g11|ShiftRight0 ;
; 4:1                ; 2 bits    ; 4 LEs         ; 4 LEs                ; 0 LEs                  ; No         ; |RegistroALU|alu:alu_m|LShiftRight:g11|ShiftRight0 ;
; 4:1                ; 18 bits   ; 36 LEs        ; 36 LEs               ; 0 LEs                  ; No         ; |RegistroALU|alu:alu_m|LShiftLeft:g10|ShiftLeft0   ;
; 3:1                ; 8 bits    ; 16 LEs        ; 16 LEs               ; 0 LEs                  ; No         ; |RegistroALU|alu:alu_m|LShiftLeft:g10|ShiftLeft0   ;
; 5:1                ; 8 bits    ; 24 LEs        ; 16 LEs               ; 8 LEs                  ; No         ; |RegistroALU|alu:alu_m|LShiftRight:g11|ShiftRight0 ;
; 5:1                ; 8 bits    ; 24 LEs        ; 24 LEs               ; 0 LEs                  ; No         ; |RegistroALU|alu:alu_m|LShiftLeft:g10|ShiftLeft0   ;
; 8:1                ; 8 bits    ; 40 LEs        ; 40 LEs               ; 0 LEs                  ; No         ; |RegistroALU|alu:alu_m|LShiftLeft:g10|ShiftLeft0   ;
; 18:1               ; 14 bits   ; 168 LEs       ; 112 LEs              ; 56 LEs                 ; No         ; |RegistroALU|alu:alu_m|mux4:g12|Mux6               ;
+--------------------+-----------+---------------+----------------------+------------------------+------------+----------------------------------------------------+


+-----------------------------------------------------------------------------+
; Parameter Settings for User Entity Instance: Top-level Entity: |RegistroALU ;
+----------------+-------+----------------------------------------------------+
; Parameter Name ; Value ; Type                                               ;
+----------------+-------+----------------------------------------------------+
; N              ; 16    ; Signed Integer                                     ;
+----------------+-------+----------------------------------------------------+
Note: In order to hide this table in the UI and the text report file, please set the "Show Parameter Settings in Synthesis Report" option in "Analysis and Synthesis Settings -> More Settings" to "Off".


+-------------------------------------------------------------------------+
; Parameter Settings for User Entity Instance: RegistroCargaIn:registroIn ;
+----------------+-------+------------------------------------------------+
; Parameter Name ; Value ; Type                                           ;
+----------------+-------+------------------------------------------------+
; N              ; 16    ; Signed Integer                                 ;
+----------------+-------+------------------------------------------------+
Note: In order to hide this table in the UI and the text report file, please set the "Show Parameter Settings in Synthesis Report" option in "Analysis and Synthesis Settings -> More Settings" to "Off".


+--------------------------------------------------------+
; Parameter Settings for User Entity Instance: alu:alu_m ;
+----------------+-------+-------------------------------+
; Parameter Name ; Value ; Type                          ;
+----------------+-------+-------------------------------+
; N              ; 16    ; Signed Integer                ;
+----------------+-------+-------------------------------+
Note: In order to hide this table in the UI and the text report file, please set the "Show Parameter Settings in Synthesis Report" option in "Analysis and Synthesis Settings -> More Settings" to "Off".


+-------------------------------------------------------------------+
; Parameter Settings for User Entity Instance: alu:alu_m|SUMA_op:g1 ;
+----------------+-------+------------------------------------------+
; Parameter Name ; Value ; Type                                     ;
+----------------+-------+------------------------------------------+
; N              ; 16    ; Signed Integer                           ;
+----------------+-------+------------------------------------------+
Note: In order to hide this table in the UI and the text report file, please set the "Show Parameter Settings in Synthesis Report" option in "Analysis and Synthesis Settings -> More Settings" to "Off".


+--------------------------------------------------------------------+
; Parameter Settings for User Entity Instance: alu:alu_m|RESTA_op:g2 ;
+----------------+-------+-------------------------------------------+
; Parameter Name ; Value ; Type                                      ;
+----------------+-------+-------------------------------------------+
; N              ; 16    ; Signed Integer                            ;
+----------------+-------+-------------------------------------------+
Note: In order to hide this table in the UI and the text report file, please set the "Show Parameter Settings in Synthesis Report" option in "Analysis and Synthesis Settings -> More Settings" to "Off".


+--------------------------------------------------------------------------------------+
; Parameter Settings for User Entity Instance: alu:alu_m|RESTA_op:g2|complement2:comp2 ;
+----------------+-------+-------------------------------------------------------------+
; Parameter Name ; Value ; Type                                                        ;
+----------------+-------+-------------------------------------------------------------+
; N              ; 4     ; Signed Integer                                              ;
+----------------+-------+-------------------------------------------------------------+
Note: In order to hide this table in the UI and the text report file, please set the "Show Parameter Settings in Synthesis Report" option in "Analysis and Synthesis Settings -> More Settings" to "Off".


+------------------------------------------------------------------+
; Parameter Settings for User Entity Instance: alu:alu_m|AND_op:g3 ;
+----------------+-------+-----------------------------------------+
; Parameter Name ; Value ; Type                                    ;
+----------------+-------+-----------------------------------------+
; N              ; 16    ; Signed Integer                          ;
+----------------+-------+-----------------------------------------+
Note: In order to hide this table in the UI and the text report file, please set the "Show Parameter Settings in Synthesis Report" option in "Analysis and Synthesis Settings -> More Settings" to "Off".


+-----------------------------------------------------------------+
; Parameter Settings for User Entity Instance: alu:alu_m|OR_op:g4 ;
+----------------+-------+----------------------------------------+
; Parameter Name ; Value ; Type                                   ;
+----------------+-------+----------------------------------------+
; N              ; 16    ; Signed Integer                         ;
+----------------+-------+----------------------------------------+
Note: In order to hide this table in the UI and the text report file, please set the "Show Parameter Settings in Synthesis Report" option in "Analysis and Synthesis Settings -> More Settings" to "Off".


+------------------------------------------------------------------+
; Parameter Settings for User Entity Instance: alu:alu_m|NOT_op:g5 ;
+----------------+-------+-----------------------------------------+
; Parameter Name ; Value ; Type                                    ;
+----------------+-------+-----------------------------------------+
; N              ; 16    ; Signed Integer                          ;
+----------------+-------+-----------------------------------------+
Note: In order to hide this table in the UI and the text report file, please set the "Show Parameter Settings in Synthesis Report" option in "Analysis and Synthesis Settings -> More Settings" to "Off".


+------------------------------------------------------------------+
; Parameter Settings for User Entity Instance: alu:alu_m|NOT_op:g6 ;
+----------------+-------+-----------------------------------------+
; Parameter Name ; Value ; Type                                    ;
+----------------+-------+-----------------------------------------+
; N              ; 16    ; Signed Integer                          ;
+----------------+-------+-----------------------------------------+
Note: In order to hide this table in the UI and the text report file, please set the "Show Parameter Settings in Synthesis Report" option in "Analysis and Synthesis Settings -> More Settings" to "Off".


+------------------------------------------------------------------+
; Parameter Settings for User Entity Instance: alu:alu_m|XOR_op:g7 ;
+----------------+-------+-----------------------------------------+
; Parameter Name ; Value ; Type                                    ;
+----------------+-------+-----------------------------------------+
; N              ; 16    ; Signed Integer                          ;
+----------------+-------+-----------------------------------------+
Note: In order to hide this table in the UI and the text report file, please set the "Show Parameter Settings in Synthesis Report" option in "Analysis and Synthesis Settings -> More Settings" to "Off".


+----------------------------------------------------------------------+
; Parameter Settings for User Entity Instance: alu:alu_m|AShiftLeft:g8 ;
+----------------+-------+---------------------------------------------+
; Parameter Name ; Value ; Type                                        ;
+----------------+-------+---------------------------------------------+
; N              ; 16    ; Signed Integer                              ;
+----------------+-------+---------------------------------------------+
Note: In order to hide this table in the UI and the text report file, please set the "Show Parameter Settings in Synthesis Report" option in "Analysis and Synthesis Settings -> More Settings" to "Off".


+-----------------------------------------------------------------------+
; Parameter Settings for User Entity Instance: alu:alu_m|AShiftRight:g9 ;
+----------------+-------+----------------------------------------------+
; Parameter Name ; Value ; Type                                         ;
+----------------+-------+----------------------------------------------+
; N              ; 16    ; Signed Integer                               ;
+----------------+-------+----------------------------------------------+
Note: In order to hide this table in the UI and the text report file, please set the "Show Parameter Settings in Synthesis Report" option in "Analysis and Synthesis Settings -> More Settings" to "Off".


+-----------------------------------------------------------------------+
; Parameter Settings for User Entity Instance: alu:alu_m|LShiftLeft:g10 ;
+----------------+-------+----------------------------------------------+
; Parameter Name ; Value ; Type                                         ;
+----------------+-------+----------------------------------------------+
; N              ; 16    ; Signed Integer                               ;
+----------------+-------+----------------------------------------------+
Note: In order to hide this table in the UI and the text report file, please set the "Show Parameter Settings in Synthesis Report" option in "Analysis and Synthesis Settings -> More Settings" to "Off".


+------------------------------------------------------------------------+
; Parameter Settings for User Entity Instance: alu:alu_m|LShiftRight:g11 ;
+----------------+-------+-----------------------------------------------+
; Parameter Name ; Value ; Type                                          ;
+----------------+-------+-----------------------------------------------+
; N              ; 16    ; Signed Integer                                ;
+----------------+-------+-----------------------------------------------+
Note: In order to hide this table in the UI and the text report file, please set the "Show Parameter Settings in Synthesis Report" option in "Analysis and Synthesis Settings -> More Settings" to "Off".


+-----------------------------------------------------------------+
; Parameter Settings for User Entity Instance: alu:alu_m|mux4:g12 ;
+----------------+-------+----------------------------------------+
; Parameter Name ; Value ; Type                                   ;
+----------------+-------+----------------------------------------+
; N              ; 16    ; Signed Integer                         ;
+----------------+-------+----------------------------------------+
Note: In order to hide this table in the UI and the text report file, please set the "Show Parameter Settings in Synthesis Report" option in "Analysis and Synthesis Settings -> More Settings" to "Off".


+------------------------------------------------------------------+
; Parameter Settings for User Entity Instance: alu:alu_m|flags:g13 ;
+----------------+-------+-----------------------------------------+
; Parameter Name ; Value ; Type                                    ;
+----------------+-------+-----------------------------------------+
; N              ; 16    ; Signed Integer                          ;
+----------------+-------+-----------------------------------------+
Note: In order to hide this table in the UI and the text report file, please set the "Show Parameter Settings in Synthesis Report" option in "Analysis and Synthesis Settings -> More Settings" to "Off".


+---------------------------------------------------------------------+
; Parameter Settings for User Entity Instance: alu:alu_m|sieteSeg:g14 ;
+----------------+-------+--------------------------------------------+
; Parameter Name ; Value ; Type                                       ;
+----------------+-------+--------------------------------------------+
; N              ; 16    ; Signed Integer                             ;
+----------------+-------+--------------------------------------------+
Note: In order to hide this table in the UI and the text report file, please set the "Show Parameter Settings in Synthesis Report" option in "Analysis and Synthesis Settings -> More Settings" to "Off".


+---------------------------------------------------------------------------+
; Parameter Settings for User Entity Instance: RegistroCargaOut:registroOut ;
+----------------+-------+--------------------------------------------------+
; Parameter Name ; Value ; Type                                             ;
+----------------+-------+--------------------------------------------------+
; N              ; 16    ; Signed Integer                                   ;
+----------------+-------+--------------------------------------------------+
Note: In order to hide this table in the UI and the text report file, please set the "Show Parameter Settings in Synthesis Report" option in "Analysis and Synthesis Settings -> More Settings" to "Off".


+-------------------------------------------------------------------------------------------------------------------------------------------------------------------------------------------------------------------+
; Port Connectivity Checks: "alu:alu_m|RESTA_op:g2|complement2:comp2"                                                                                                                                               ;
+----------+--------+----------+------------------------------------------------------------------------------------------------------------------------------------------------------------------------------------+
; Port     ; Type   ; Severity ; Details                                                                                                                                                                            ;
+----------+--------+----------+------------------------------------------------------------------------------------------------------------------------------------------------------------------------------------+
; in       ; Input  ; Warning  ; Input port expression (16 bits) is wider than the input port (4 bits) it drives.  The 12 most-significant bit(s) in the expression will be dangling if they have no other fanouts. ;
; resComp2 ; Output ; Warning  ; Output or bidir port (4 bits) is smaller than the port expression (16 bits) it drives.  The 12 most-significant bit(s) in the port expression will be connected to GND.            ;
+----------+--------+----------+------------------------------------------------------------------------------------------------------------------------------------------------------------------------------------+


+-----------------------------------------------------+
; Post-Synthesis Netlist Statistics for Top Partition ;
+-----------------------+-----------------------------+
; Type                  ; Count                       ;
+-----------------------+-----------------------------+
; arriav_ff             ; 47                          ;
;     CLR               ; 47                          ;
; arriav_lcell_comb     ; 260                         ;
;     arith             ; 49                          ;
;         0 data inputs ; 1                           ;
;         1 data inputs ; 28                          ;
;         2 data inputs ; 17                          ;
;         3 data inputs ; 1                           ;
;         4 data inputs ; 1                           ;
;         5 data inputs ; 1                           ;
;     extend            ; 11                          ;
;         7 data inputs ; 11                          ;
;     normal            ; 200                         ;
;         2 data inputs ; 4                           ;
;         3 data inputs ; 4                           ;
;         4 data inputs ; 55                          ;
;         5 data inputs ; 64                          ;
;         6 data inputs ; 73                          ;
; boundary_port         ; 49                          ;
;                       ;                             ;
; Max LUT depth         ; 9.00                        ;
; Average LUT depth     ; 6.86                        ;
+-----------------------+-----------------------------+


+-------------------------------+
; Elapsed Time Per Partition    ;
+----------------+--------------+
; Partition Name ; Elapsed Time ;
+----------------+--------------+
; Top            ; 00:00:01     ;
+----------------+--------------+


+-------------------------------+
; Analysis & Synthesis Messages ;
+-------------------------------+
Info: *******************************************************************
Info: Running Quartus Prime Analysis & Synthesis
    Info: Version 22.1std.0 Build 915 10/25/2022 SC Lite Edition
    Info: Processing started: Sun Mar 19 21:35:56 2023
Info: Command: quartus_map --read_settings_files=on --write_settings_files=off Lab3 -c ALU
Warning (18236): Number of processors has not been specified which may cause overloading on shared machines.  Set the global assignment NUM_PARALLEL_PROCESSORS in your QSF to an appropriate value for best performance.
Info (20030): Parallel compilation is enabled and will use 4 of the 4 processors detected
Info (12021): Found 1 design units, including 1 entities, in source file alu_tb.sv
    Info (12023): Found entity 1: ALU_tb File: C:/intelFPGA_lite/emadrigal_acambronero_hespinoza_digital_design_lab_2023-experimento1-Lab3/Experimento 1/ALU_tb.sv Line: 3
Info (12021): Found 1 design units, including 1 entities, in source file alu.sv
    Info (12023): Found entity 1: ALU File: C:/intelFPGA_lite/emadrigal_acambronero_hespinoza_digital_design_lab_2023-experimento1-Lab3/Experimento 1/ALU.sv Line: 6
Info (12021): Found 1 design units, including 1 entities, in source file alu_aux.sv
    Info (12023): Found entity 1: alu File: C:/intelFPGA_lite/emadrigal_acambronero_hespinoza_digital_design_lab_2023-experimento1-Lab3/Experimento 1/ALU_Aux.sv Line: 6
Info (12021): Found 1 design units, including 1 entities, in source file mux.sv
    Info (12023): Found entity 1: mux4 File: C:/intelFPGA_lite/emadrigal_acambronero_hespinoza_digital_design_lab_2023-experimento1-Lab3/Experimento 1/Mux.sv Line: 6
Info (12021): Found 1 design units, including 1 entities, in source file flags.sv
    Info (12023): Found entity 1: flags File: C:/intelFPGA_lite/emadrigal_acambronero_hespinoza_digital_design_lab_2023-experimento1-Lab3/Experimento 1/flags.sv Line: 6
Info (12021): Found 1 design units, including 1 entities, in source file display7segments.sv
    Info (12023): Found entity 1: sieteSeg File: C:/intelFPGA_lite/emadrigal_acambronero_hespinoza_digital_design_lab_2023-experimento1-Lab3/Experimento 1/display7segments.sv Line: 6
Info (12021): Found 1 design units, including 1 entities, in source file suma.sv
    Info (12023): Found entity 1: SUMA_op File: C:/intelFPGA_lite/emadrigal_acambronero_hespinoza_digital_design_lab_2023-experimento1-Lab3/Experimento 1/Suma.sv Line: 6
Info (12021): Found 1 design units, including 1 entities, in source file comp2.sv
    Info (12023): Found entity 1: complement2 File: C:/intelFPGA_lite/emadrigal_acambronero_hespinoza_digital_design_lab_2023-experimento1-Lab3/Experimento 1/Comp2.sv Line: 6
Info (12021): Found 1 design units, including 1 entities, in source file resta.sv
    Info (12023): Found entity 1: RESTA_op File: C:/intelFPGA_lite/emadrigal_acambronero_hespinoza_digital_design_lab_2023-experimento1-Lab3/Experimento 1/Resta.sv Line: 6
Info (12021): Found 1 design units, including 1 entities, in source file compuertaand.sv
    Info (12023): Found entity 1: AND_op File: C:/intelFPGA_lite/emadrigal_acambronero_hespinoza_digital_design_lab_2023-experimento1-Lab3/Experimento 1/CompuertaAND.sv Line: 6
Info (12021): Found 1 design units, including 1 entities, in source file compuertaor.sv
    Info (12023): Found entity 1: OR_op File: C:/intelFPGA_lite/emadrigal_acambronero_hespinoza_digital_design_lab_2023-experimento1-Lab3/Experimento 1/CompuertaOR.sv Line: 6
Info (12021): Found 1 design units, including 1 entities, in source file compuertanot.sv
    Info (12023): Found entity 1: NOT_op File: C:/intelFPGA_lite/emadrigal_acambronero_hespinoza_digital_design_lab_2023-experimento1-Lab3/Experimento 1/CompuertaNOT.sv Line: 6
Info (12021): Found 1 design units, including 1 entities, in source file compuertaxor.sv
    Info (12023): Found entity 1: XOR_op File: C:/intelFPGA_lite/emadrigal_acambronero_hespinoza_digital_design_lab_2023-experimento1-Lab3/Experimento 1/CompuertaXOR.sv Line: 6
Info (12021): Found 1 design units, including 1 entities, in source file ashiftleft.sv
    Info (12023): Found entity 1: AShiftLeft File: C:/intelFPGA_lite/emadrigal_acambronero_hespinoza_digital_design_lab_2023-experimento1-Lab3/Experimento 1/AShiftLeft.sv Line: 6
Info (12021): Found 1 design units, including 1 entities, in source file ashiftright.sv
    Info (12023): Found entity 1: AShiftRight File: C:/intelFPGA_lite/emadrigal_acambronero_hespinoza_digital_design_lab_2023-experimento1-Lab3/Experimento 1/AShiftRight.sv Line: 6
Info (12021): Found 1 design units, including 1 entities, in source file lshiftleft.sv
    Info (12023): Found entity 1: LShiftLeft File: C:/intelFPGA_lite/emadrigal_acambronero_hespinoza_digital_design_lab_2023-experimento1-Lab3/Experimento 1/LShiftLeft.sv Line: 6
Info (12021): Found 1 design units, including 1 entities, in source file lshiftright.sv
    Info (12023): Found entity 1: LShiftRight File: C:/intelFPGA_lite/emadrigal_acambronero_hespinoza_digital_design_lab_2023-experimento1-Lab3/Experimento 1/LShiftRight.sv Line: 6
Info (12021): Found 1 design units, including 1 entities, in source file registroalu.sv
    Info (12023): Found entity 1: RegistroALU File: C:/intelFPGA_lite/emadrigal_acambronero_hespinoza_digital_design_lab_2023-experimento1-Lab3/Experimento 1/RegistroALU.sv Line: 1
Info (12021): Found 1 design units, including 1 entities, in source file registrocargain.sv
    Info (12023): Found entity 1: RegistroCargaIn File: C:/intelFPGA_lite/emadrigal_acambronero_hespinoza_digital_design_lab_2023-experimento1-Lab3/Experimento 1/RegistroCargaIn.sv Line: 2
Info (12021): Found 1 design units, including 1 entities, in source file registrocargaout.sv
    Info (12023): Found entity 1: RegistroCargaOut File: C:/intelFPGA_lite/emadrigal_acambronero_hespinoza_digital_design_lab_2023-experimento1-Lab3/Experimento 1/RegistroCargaOut.sv Line: 1
Info (12127): Elaborating entity "RegistroALU" for the top level hierarchy
Info (12128): Elaborating entity "RegistroCargaIn" for hierarchy "RegistroCargaIn:registroIn" File: C:/intelFPGA_lite/emadrigal_acambronero_hespinoza_digital_design_lab_2023-experimento1-Lab3/Experimento 1/RegistroALU.sv Line: 35
Info (12128): Elaborating entity "alu" for hierarchy "alu:alu_m" File: C:/intelFPGA_lite/emadrigal_acambronero_hespinoza_digital_design_lab_2023-experimento1-Lab3/Experimento 1/RegistroALU.sv Line: 44
Info (12128): Elaborating entity "SUMA_op" for hierarchy "alu:alu_m|SUMA_op:g1" File: C:/intelFPGA_lite/emadrigal_acambronero_hespinoza_digital_design_lab_2023-experimento1-Lab3/Experimento 1/ALU_Aux.sv Line: 44
Info (12128): Elaborating entity "RESTA_op" for hierarchy "alu:alu_m|RESTA_op:g2" File: C:/intelFPGA_lite/emadrigal_acambronero_hespinoza_digital_design_lab_2023-experimento1-Lab3/Experimento 1/ALU_Aux.sv Line: 54
Info (12128): Elaborating entity "complement2" for hierarchy "alu:alu_m|RESTA_op:g2|complement2:comp2" File: C:/intelFPGA_lite/emadrigal_acambronero_hespinoza_digital_design_lab_2023-experimento1-Lab3/Experimento 1/Resta.sv Line: 17
Info (12128): Elaborating entity "AND_op" for hierarchy "alu:alu_m|AND_op:g3" File: C:/intelFPGA_lite/emadrigal_acambronero_hespinoza_digital_design_lab_2023-experimento1-Lab3/Experimento 1/ALU_Aux.sv Line: 61
Info (12128): Elaborating entity "OR_op" for hierarchy "alu:alu_m|OR_op:g4" File: C:/intelFPGA_lite/emadrigal_acambronero_hespinoza_digital_design_lab_2023-experimento1-Lab3/Experimento 1/ALU_Aux.sv Line: 68
Info (12128): Elaborating entity "NOT_op" for hierarchy "alu:alu_m|NOT_op:g5" File: C:/intelFPGA_lite/emadrigal_acambronero_hespinoza_digital_design_lab_2023-experimento1-Lab3/Experimento 1/ALU_Aux.sv Line: 74
Info (12128): Elaborating entity "XOR_op" for hierarchy "alu:alu_m|XOR_op:g7" File: C:/intelFPGA_lite/emadrigal_acambronero_hespinoza_digital_design_lab_2023-experimento1-Lab3/Experimento 1/ALU_Aux.sv Line: 87
Info (12128): Elaborating entity "AShiftLeft" for hierarchy "alu:alu_m|AShiftLeft:g8" File: C:/intelFPGA_lite/emadrigal_acambronero_hespinoza_digital_design_lab_2023-experimento1-Lab3/Experimento 1/ALU_Aux.sv Line: 94
Info (12128): Elaborating entity "AShiftRight" for hierarchy "alu:alu_m|AShiftRight:g9" File: C:/intelFPGA_lite/emadrigal_acambronero_hespinoza_digital_design_lab_2023-experimento1-Lab3/Experimento 1/ALU_Aux.sv Line: 101
Info (12128): Elaborating entity "LShiftLeft" for hierarchy "alu:alu_m|LShiftLeft:g10" File: C:/intelFPGA_lite/emadrigal_acambronero_hespinoza_digital_design_lab_2023-experimento1-Lab3/Experimento 1/ALU_Aux.sv Line: 108
Info (12128): Elaborating entity "LShiftRight" for hierarchy "alu:alu_m|LShiftRight:g11" File: C:/intelFPGA_lite/emadrigal_acambronero_hespinoza_digital_design_lab_2023-experimento1-Lab3/Experimento 1/ALU_Aux.sv Line: 115
Info (12128): Elaborating entity "mux4" for hierarchy "alu:alu_m|mux4:g12" File: C:/intelFPGA_lite/emadrigal_acambronero_hespinoza_digital_design_lab_2023-experimento1-Lab3/Experimento 1/ALU_Aux.sv Line: 131
Info (12128): Elaborating entity "flags" for hierarchy "alu:alu_m|flags:g13" File: C:/intelFPGA_lite/emadrigal_acambronero_hespinoza_digital_design_lab_2023-experimento1-Lab3/Experimento 1/ALU_Aux.sv Line: 143
Info (12128): Elaborating entity "sieteSeg" for hierarchy "alu:alu_m|sieteSeg:g14" File: C:/intelFPGA_lite/emadrigal_acambronero_hespinoza_digital_design_lab_2023-experimento1-Lab3/Experimento 1/ALU_Aux.sv Line: 148
Info (12128): Elaborating entity "RegistroCargaOut" for hierarchy "RegistroCargaOut:registroOut" File: C:/intelFPGA_lite/emadrigal_acambronero_hespinoza_digital_design_lab_2023-experimento1-Lab3/Experimento 1/RegistroALU.sv Line: 48
Warning (12241): 1 hierarchies have connectivity warnings - see the Connectivity Checks report folder
Info (286030): Timing-Driven Synthesis is running
Info (144001): Generated suppressed messages file C:/intelFPGA_lite/emadrigal_acambronero_hespinoza_digital_design_lab_2023-experimento1-Lab3/Experimento 1/output_files/ALU.map.smsg
Info (16010): Generating hard_block partition "hard_block:auto_generated_inst"
    Info (16011): Adding 0 node(s), including 0 DDIO, 0 PLL, 0 transceiver and 0 LCELL
Info (21057): Implemented 345 device resources after synthesis - the final resource count might be different
    Info (21058): Implemented 38 input pins
    Info (21059): Implemented 11 output pins
    Info (21061): Implemented 296 logic cells
Info: Quartus Prime Analysis & Synthesis was successful. 0 errors, 2 warnings
    Info: Peak virtual memory: 4841 megabytes
    Info: Processing ended: Sun Mar 19 21:36:10 2023
    Info: Elapsed time: 00:00:14
    Info: Total CPU time (on all processors): 00:00:19


+------------------------------------------+
; Analysis & Synthesis Suppressed Messages ;
+------------------------------------------+
The suppressed messages can be found in C:/intelFPGA_lite/emadrigal_acambronero_hespinoza_digital_design_lab_2023-experimento1-Lab3/Experimento 1/output_files/ALU.map.smsg.


